<?xml version="1.0" encoding="UTF-8"?>
<!-- Generated by org.testng.reporters.JUnitReportReporter -->
<testsuite hostname="JAGDEESH" failures="0" tests="3" name="test_ng.Before_Groups" time="0.042" errors="0" timestamp="2023-03-13T10:35:06 IST" skipped="0">
  <testcase classname="test_ng.Before_Groups" name="testcase3" time="0.013"/>
  <system-out/>
  <testcase classname="test_ng.Before_Groups" name="testcase1" time="0.012"/>
  <system-out/>
  <testcase classname="test_ng.Before_Groups" name="testcase2" time="0.017"/>
  <system-out/>
</testsuite> <!-- test_ng.Before_Groups -->
