<?xml version="1.0" encoding="UTF-8"?>
<!-- Generated by org.testng.reporters.JUnitReportReporter -->
<testsuite hostname="JAGDEESH" failures="0" tests="4" name="test_ng.Depends_On_Method" time="0.034" errors="0" timestamp="2023-03-13T09:50:35 IST" skipped="0">
  <testcase classname="test_ng.Depends_On_Method" name="testcase1" time="0.019"/>
  <system-out/>
  <testcase classname="test_ng.Depends_On_Method" name="testcase2" time="0.003"/>
  <system-out/>
  <testcase classname="test_ng.Depends_On_Method" name="testcase3" time="0.008"/>
  <system-out/>
  <testcase classname="test_ng.Depends_On_Method" name="testcase4" time="0.004"/>
  <system-out/>
</testsuite> <!-- test_ng.Depends_On_Method -->
