<?xml version="1.0" encoding="UTF-8"?>
<!-- Generated by org.testng.reporters.JUnitReportReporter -->
<testsuite hostname="JAGDEESH" failures="0" tests="1" name="test_ng.Real_Test_Class_1" time="13.164" errors="0" timestamp="2023-03-13T09:36:46 IST" skipped="0">
  <testcase classname="test_ng.Real_Test_Class_1" name="intbrowse" time="13.164"/>
  <system-out/>
</testsuite> <!-- test_ng.Real_Test_Class_1 -->
