<?xml version="1.0" encoding="UTF-8"?>
<!-- Generated by org.testng.reporters.JUnitReportReporter -->
<testsuite hostname="JAGDEESH" failures="0" tests="8" name="test_ng.Annotation" time="0.069" errors="0" timestamp="2023-03-13T10:48:08 IST" skipped="0">
  <testcase classname="test_ng.Annotation" name="testcase4" time="0.006"/>
  <system-out/>
  <testcase classname="test_ng.Annotation" name="testcase5" time="0.005"/>
  <system-out/>
  <testcase classname="test_ng.Annotation" name="testcase3" time="0.010"/>
  <system-out/>
  <testcase classname="test_ng.Annotation" name="testcase6" time="0.006"/>
  <system-out/>
  <testcase classname="test_ng.Annotation" name="testcase7" time="0.008"/>
  <system-out/>
  <testcase classname="test_ng.Annotation" name="testcase2" time="0.008"/>
  <system-out/>
  <testcase classname="test_ng.Annotation" name="testcase1" time="0.019"/>
  <system-out/>
  <testcase classname="test_ng.Annotation" name="testcase8" time="0.007"/>
  <system-out/>
</testsuite> <!-- test_ng.Annotation -->
