<?xml version="1.0" encoding="UTF-8"?>
<!-- Generated by org.testng.reporters.JUnitReportReporter -->
<testsuite hostname="JAGDEESH" failures="0" tests="4" name="test_ng.Timeout_Keyword" time="0.095" errors="0" timestamp="2023-03-13T09:41:46 IST" skipped="0">
  <testcase classname="test_ng.Timeout_Keyword" name="testcase2" time="0.007"/>
  <system-out/>
  <testcase classname="test_ng.Timeout_Keyword" name="testcase1" time="0.027"/>
  <system-out/>
  <testcase classname="test_ng.Timeout_Keyword" name="testcase3" time="0.047"/>
  <system-out/>
  <testcase classname="test_ng.Timeout_Keyword" name="testcase4" time="0.014"/>
  <system-out/>
</testsuite> <!-- test_ng.Timeout_Keyword -->
