<?xml version="1.0" encoding="UTF-8"?>
<!-- Generated by org.testng.reporters.JUnitReportReporter -->
<testsuite hostname="JAGDEESH" failures="0" tests="3" name="test_ng.Include_Exclude" time="0.031" errors="0" timestamp="2023-03-13T10:13:09 IST" skipped="0">
  <testcase classname="test_ng.Include_Exclude" name="testcase3" time="0.002"/>
  <system-out/>
  <testcase classname="test_ng.Include_Exclude" name="testcase1" time="0.017"/>
  <system-out/>
  <testcase classname="test_ng.Include_Exclude" name="testcase4" time="0.012"/>
  <system-out/>
</testsuite> <!-- test_ng.Include_Exclude -->
