<?xml version="1.0" encoding="UTF-8"?>
<!-- Generated by org.testng.reporters.JUnitReportReporter -->
<testsuite hostname="JAGDEESH" failures="0" tests="1" name="test_ng.Hard_Assert_Practice" time="0.035" errors="0" timestamp="2023-03-13T11:39:20 IST" skipped="0">
  <testcase classname="test_ng.Hard_Assert_Practice" name="testcase1" time="0.035"/>
  <system-out/>
</testsuite> <!-- test_ng.Hard_Assert_Practice -->
