<?xml version="1.0" encoding="UTF-8"?>
<!-- Generated by org.testng.reporters.JUnitReportReporter -->
<testsuite hostname="JAGDEESH" failures="0" tests="4" name="test_ng.Enabled_Keyword" time="0.084" errors="0" timestamp="2023-03-13T09:39:32 IST" skipped="1">
  <testcase classname="test_ng.Enabled_Keyword" name="testcase2" time="0.007"/>
  <system-out/>
  <testcase classname="test_ng.Enabled_Keyword" name="testcase4" time="0.012"/>
  <system-out/>
  <testcase classname="test_ng.Enabled_Keyword" name="testcase1" time="0.065"/>
  <system-out/>
  <testcase classname="test_ng.Enabled_Keyword" name="testcase3">
    <skipped/>
  </testcase> <!-- testcase3 -->
  <system-out/>
</testsuite> <!-- test_ng.Enabled_Keyword -->
