<?xml version="1.0" encoding="UTF-8"?>
<!-- Generated by org.testng.reporters.JUnitReportReporter -->
<testsuite hostname="JAGDEESH" failures="0" tests="2" name="test_ng.Grooping_Test_Case" time="0.028" errors="0" timestamp="2023-03-13T10:01:02 IST" skipped="0">
  <testcase classname="test_ng.Grooping_Test_Case" name="testcase1" time="0.021"/>
  <system-out/>
  <testcase classname="test_ng.Grooping_Test_Case" name="testcase3" time="0.007"/>
  <system-out/>
</testsuite> <!-- test_ng.Grooping_Test_Case -->
