<?xml version="1.0" encoding="UTF-8"?>
<!-- Generated by org.testng.reporters.JUnitReportReporter -->
<testsuite hostname="JAGDEESH" failures="0" tests="2" name="test_ng.Test_Class_2" time="0.014" errors="0" timestamp="2023-03-13T09:29:08 IST" skipped="0">
  <testcase classname="test_ng.Test_Class_2" name="testcase3" time="0.004"/>
  <system-out/>
  <testcase classname="test_ng.Test_Class_2" name="testcase4" time="0.010"/>
  <system-out/>
</testsuite> <!-- test_ng.Test_Class_2 -->
