<?xml version="1.0" encoding="UTF-8"?>
<!-- Generated by org.testng.reporters.JUnitReportReporter -->
<testsuite hostname="JAGDEESH" failures="0" tests="2" name="test_ng.Test_Class_1" time="0.022" errors="0" timestamp="2023-03-13T09:29:08 IST" skipped="0">
  <testcase classname="test_ng.Test_Class_1" name="testcase2" time="0.003"/>
  <system-out/>
  <testcase classname="test_ng.Test_Class_1" name="testcase1" time="0.019"/>
  <system-out/>
</testsuite> <!-- test_ng.Test_Class_1 -->
