<?xml version="1.0" encoding="UTF-8"?>
<!-- Generated by org.testng.reporters.JUnitReportReporter -->
<testsuite hostname="JAGDEESH" failures="0" tests="4" name="test_ng.Basic" time="0.039" errors="0" timestamp="2023-03-13T09:10:16 IST" skipped="0">
  <testcase classname="test_ng.Basic" name="testcase2" time="0.008"/>
  <system-out/>
  <testcase classname="test_ng.Basic" name="testcase1" time="0.025"/>
  <system-out/>
  <testcase classname="test_ng.Basic" name="testcase3" time="0.003"/>
  <system-out/>
  <testcase classname="test_ng.Basic" name="testcase4" time="0.003"/>
  <system-out/>
</testsuite> <!-- test_ng.Basic -->
